[0.007s] Invoking command in '/home/megumin/dev_ws/build/megumin': CMAKE_PREFIX_PATH=${CMAKE_PREFIX_PATH}:/opt/ros/humble /usr/bin/cmake --build /home/megumin/dev_ws/build/megumin -- -j12 -l12
[0.031s] Invoked command in '/home/megumin/dev_ws/build/megumin' returned '0': CMAKE_PREFIX_PATH=${CMAKE_PREFIX_PATH}:/opt/ros/humble /usr/bin/cmake --build /home/megumin/dev_ws/build/megumin -- -j12 -l12
[0.038s] Invoking command in '/home/megumin/dev_ws/build/megumin': CMAKE_PREFIX_PATH=${CMAKE_PREFIX_PATH}:/opt/ros/humble /usr/bin/cmake --install /home/megumin/dev_ws/build/megumin
[0.043s] -- Install configuration: ""
[0.043s] -- Execute custom install script
[0.043s] -- Up-to-date symlink: /home/megumin/dev_ws/install/megumin/share/megumin/config/empty.yaml
[0.043s] -- Up-to-date symlink: /home/megumin/dev_ws/install/megumin/share/megumin/description/robot.urdf.xacro
[0.044s] -- Up-to-date symlink: /home/megumin/dev_ws/install/megumin/share/megumin/description/robot_core.xacro
[0.044s] -- Up-to-date symlink: /home/megumin/dev_ws/install/megumin/share/megumin/launch/rsp.launch.py
[0.044s] -- Up-to-date symlink: /home/megumin/dev_ws/install/megumin/share/megumin/worlds/empty.world
[0.044s] -- Up-to-date symlink: /home/megumin/dev_ws/install/megumin/share/ament_index/resource_index/package_run_dependencies/megumin
[0.044s] -- Up-to-date symlink: /home/megumin/dev_ws/install/megumin/share/ament_index/resource_index/parent_prefix_path/megumin
[0.044s] -- Up-to-date symlink: /home/megumin/dev_ws/install/megumin/share/megumin/environment/ament_prefix_path.sh
[0.044s] -- Up-to-date symlink: /home/megumin/dev_ws/install/megumin/share/megumin/environment/ament_prefix_path.dsv
[0.044s] -- Up-to-date symlink: /home/megumin/dev_ws/install/megumin/share/megumin/environment/path.sh
[0.045s] -- Up-to-date symlink: /home/megumin/dev_ws/install/megumin/share/megumin/environment/path.dsv
[0.045s] -- Up-to-date symlink: /home/megumin/dev_ws/install/megumin/share/megumin/local_setup.bash
[0.045s] -- Up-to-date symlink: /home/megumin/dev_ws/install/megumin/share/megumin/local_setup.sh
[0.045s] -- Up-to-date symlink: /home/megumin/dev_ws/install/megumin/share/megumin/local_setup.zsh
[0.045s] -- Up-to-date symlink: /home/megumin/dev_ws/install/megumin/share/megumin/local_setup.dsv
[0.045s] -- Symlinking: /home/megumin/dev_ws/install/megumin/share/megumin/package.dsv
[0.051s] -- Up-to-date symlink: /home/megumin/dev_ws/install/megumin/share/ament_index/resource_index/packages/megumin
[0.051s] -- Up-to-date symlink: /home/megumin/dev_ws/install/megumin/share/megumin/cmake/meguminConfig.cmake
[0.051s] -- Up-to-date symlink: /home/megumin/dev_ws/install/megumin/share/megumin/cmake/meguminConfig-version.cmake
[0.051s] -- Up-to-date symlink: /home/megumin/dev_ws/install/megumin/share/megumin/package.xml
[0.053s] Invoked command in '/home/megumin/dev_ws/build/megumin' returned '0': CMAKE_PREFIX_PATH=${CMAKE_PREFIX_PATH}:/opt/ros/humble /usr/bin/cmake --install /home/megumin/dev_ws/build/megumin
