[0.008s] Invoking command in '/home/megumin/dev_ws/build/megumin': CMAKE_PREFIX_PATH=/opt/ros/humble /usr/bin/cmake /home/megumin/dev_ws/src/megumin -DCMAKE_INSTALL_PREFIX=/home/megumin/dev_ws/install/megumin
[0.022s] -- Found ament_cmake: 1.3.11 (/opt/ros/humble/share/ament_cmake/cmake)
[0.129s] -- Override CMake install command with custom implementation using symlinks instead of copying resources
[0.141s] -- Found ament_lint_auto: 0.12.12 (/opt/ros/humble/share/ament_lint_auto/cmake)
[0.199s] -- Added test 'copyright' to check source files copyright and LICENSE
[0.205s] -- Added test 'flake8' to check Python code syntax and style conventions
[0.206s] -- Added test 'lint_cmake' to check CMake code style
[0.207s] -- Added test 'pep257' to check Python code against some of the docstring style conventions in PEP 257
[0.210s] -- Added test 'xmllint' to check XML markup files
[0.212s] -- Configuring done
[0.216s] -- Generating done
[0.217s] -- Build files have been written to: /home/megumin/dev_ws/build/megumin
[0.219s] Invoked command in '/home/megumin/dev_ws/build/megumin' returned '0': CMAKE_PREFIX_PATH=/opt/ros/humble /usr/bin/cmake /home/megumin/dev_ws/src/megumin -DCMAKE_INSTALL_PREFIX=/home/megumin/dev_ws/install/megumin
[0.221s] Invoking command in '/home/megumin/dev_ws/build/megumin': CMAKE_PREFIX_PATH=/opt/ros/humble /usr/bin/cmake --build /home/megumin/dev_ws/build/megumin -- -j12 -l12
[0.246s] Invoked command in '/home/megumin/dev_ws/build/megumin' returned '0': CMAKE_PREFIX_PATH=/opt/ros/humble /usr/bin/cmake --build /home/megumin/dev_ws/build/megumin -- -j12 -l12
[0.253s] Invoking command in '/home/megumin/dev_ws/build/megumin': CMAKE_PREFIX_PATH=/opt/ros/humble /usr/bin/cmake --install /home/megumin/dev_ws/build/megumin
[0.257s] -- Install configuration: ""
[0.257s] -- Execute custom install script
[0.258s] -- Up-to-date symlink: /home/megumin/dev_ws/install/megumin/share/megumin/config/empty.yaml
[0.258s] -- Up-to-date symlink: /home/megumin/dev_ws/install/megumin/share/megumin/config/view_bot.rviz
[0.258s] -- Up-to-date symlink: /home/megumin/dev_ws/install/megumin/share/megumin/description/gazebo_control.xacro
[0.258s] -- Up-to-date symlink: /home/megumin/dev_ws/install/megumin/share/megumin/description/inertial_macros.xacro
[0.258s] -- Up-to-date symlink: /home/megumin/dev_ws/install/megumin/share/megumin/description/robot.urdf.xacro
[0.258s] -- Up-to-date symlink: /home/megumin/dev_ws/install/megumin/share/megumin/description/robot_core.xacro
[0.259s] -- Up-to-date symlink: /home/megumin/dev_ws/install/megumin/share/megumin/launch/launch_sim.launch.py
[0.259s] -- Up-to-date symlink: /home/megumin/dev_ws/install/megumin/share/megumin/launch/rsp.launch.py
[0.259s] -- Up-to-date symlink: /home/megumin/dev_ws/install/megumin/share/megumin/worlds/empty.world
[0.259s] -- Up-to-date symlink: /home/megumin/dev_ws/install/megumin/share/ament_index/resource_index/package_run_dependencies/megumin
[0.259s] -- Up-to-date symlink: /home/megumin/dev_ws/install/megumin/share/ament_index/resource_index/parent_prefix_path/megumin
[0.259s] -- Up-to-date symlink: /home/megumin/dev_ws/install/megumin/share/megumin/environment/ament_prefix_path.sh
[0.259s] -- Up-to-date symlink: /home/megumin/dev_ws/install/megumin/share/megumin/environment/ament_prefix_path.dsv
[0.259s] -- Up-to-date symlink: /home/megumin/dev_ws/install/megumin/share/megumin/environment/path.sh
[0.259s] -- Up-to-date symlink: /home/megumin/dev_ws/install/megumin/share/megumin/environment/path.dsv
[0.259s] -- Up-to-date symlink: /home/megumin/dev_ws/install/megumin/share/megumin/local_setup.bash
[0.260s] -- Up-to-date symlink: /home/megumin/dev_ws/install/megumin/share/megumin/local_setup.sh
[0.260s] -- Up-to-date symlink: /home/megumin/dev_ws/install/megumin/share/megumin/local_setup.zsh
[0.260s] -- Up-to-date symlink: /home/megumin/dev_ws/install/megumin/share/megumin/local_setup.dsv
[0.260s] -- Symlinking: /home/megumin/dev_ws/install/megumin/share/megumin/package.dsv
[0.266s] -- Up-to-date symlink: /home/megumin/dev_ws/install/megumin/share/ament_index/resource_index/packages/megumin
[0.266s] -- Up-to-date symlink: /home/megumin/dev_ws/install/megumin/share/megumin/cmake/meguminConfig.cmake
[0.266s] -- Up-to-date symlink: /home/megumin/dev_ws/install/megumin/share/megumin/cmake/meguminConfig-version.cmake
[0.266s] -- Up-to-date symlink: /home/megumin/dev_ws/install/megumin/share/megumin/package.xml
[0.268s] Invoked command in '/home/megumin/dev_ws/build/megumin' returned '0': CMAKE_PREFIX_PATH=/opt/ros/humble /usr/bin/cmake --install /home/megumin/dev_ws/build/megumin
