[0.007s] Invoking command in '/home/megumin/dev_ws/build/megumin': /usr/bin/cmake --build /home/megumin/dev_ws/build/megumin -- -j12 -l12
[0.066s] Invoked command in '/home/megumin/dev_ws/build/megumin' returned '0': /usr/bin/cmake --build /home/megumin/dev_ws/build/megumin -- -j12 -l12
[0.073s] Invoking command in '/home/megumin/dev_ws/build/megumin': /usr/bin/cmake --install /home/megumin/dev_ws/build/megumin
[0.077s] -- Install configuration: ""
[0.078s] -- Execute custom install script
[0.079s] -- Up-to-date symlink: /home/megumin/dev_ws/install/megumin/share/megumin/config/empty.yaml
[0.079s] -- Up-to-date symlink: /home/megumin/dev_ws/install/megumin/share/megumin/config/view_bot.rviz
[0.079s] -- Symlinking: /home/megumin/dev_ws/install/megumin/share/megumin/description/gazebo_control.xacro
[0.084s] -- Up-to-date symlink: /home/megumin/dev_ws/install/megumin/share/megumin/description/inertial_macros.xacro
[0.085s] -- Up-to-date symlink: /home/megumin/dev_ws/install/megumin/share/megumin/description/robot.urdf.xacro
[0.085s] -- Up-to-date symlink: /home/megumin/dev_ws/install/megumin/share/megumin/description/robot_core.xacro
[0.085s] -- Up-to-date symlink: /home/megumin/dev_ws/install/megumin/share/megumin/launch/launch_sim.launch.py
[0.085s] -- Up-to-date symlink: /home/megumin/dev_ws/install/megumin/share/megumin/launch/rsp.launch.py
[0.085s] -- Up-to-date symlink: /home/megumin/dev_ws/install/megumin/share/megumin/worlds/empty.world
[0.085s] -- Up-to-date symlink: /home/megumin/dev_ws/install/megumin/share/ament_index/resource_index/package_run_dependencies/megumin
[0.085s] -- Up-to-date symlink: /home/megumin/dev_ws/install/megumin/share/ament_index/resource_index/parent_prefix_path/megumin
[0.085s] -- Up-to-date symlink: /home/megumin/dev_ws/install/megumin/share/megumin/environment/ament_prefix_path.sh
[0.086s] -- Up-to-date symlink: /home/megumin/dev_ws/install/megumin/share/megumin/environment/ament_prefix_path.dsv
[0.086s] -- Up-to-date symlink: /home/megumin/dev_ws/install/megumin/share/megumin/environment/path.sh
[0.086s] -- Up-to-date symlink: /home/megumin/dev_ws/install/megumin/share/megumin/environment/path.dsv
[0.086s] -- Up-to-date symlink: /home/megumin/dev_ws/install/megumin/share/megumin/local_setup.bash
[0.086s] -- Up-to-date symlink: /home/megumin/dev_ws/install/megumin/share/megumin/local_setup.sh
[0.086s] -- Up-to-date symlink: /home/megumin/dev_ws/install/megumin/share/megumin/local_setup.zsh
[0.086s] -- Up-to-date symlink: /home/megumin/dev_ws/install/megumin/share/megumin/local_setup.dsv
[0.086s] -- Symlinking: /home/megumin/dev_ws/install/megumin/share/megumin/package.dsv
[0.092s] -- Up-to-date symlink: /home/megumin/dev_ws/install/megumin/share/ament_index/resource_index/packages/megumin
[0.092s] -- Up-to-date symlink: /home/megumin/dev_ws/install/megumin/share/megumin/cmake/meguminConfig.cmake
[0.092s] -- Up-to-date symlink: /home/megumin/dev_ws/install/megumin/share/megumin/cmake/meguminConfig-version.cmake
[0.092s] -- Up-to-date symlink: /home/megumin/dev_ws/install/megumin/share/megumin/package.xml
[0.094s] Invoked command in '/home/megumin/dev_ws/build/megumin' returned '0': /usr/bin/cmake --install /home/megumin/dev_ws/build/megumin
