-- Install configuration: ""
-- Execute custom install script
-- Up-to-date symlink: /home/megumin/dev_ws/install/megumin/share/megumin/config/empty.yaml
-- Up-to-date symlink: /home/megumin/dev_ws/install/megumin/share/megumin/description/robot.urdf.xacro
-- Up-to-date symlink: /home/megumin/dev_ws/install/megumin/share/megumin/description/robot_core.xacro
-- Up-to-date symlink: /home/megumin/dev_ws/install/megumin/share/megumin/launch/rsp.launch.py
-- Up-to-date symlink: /home/megumin/dev_ws/install/megumin/share/megumin/worlds/empty.world
-- Up-to-date symlink: /home/megumin/dev_ws/install/megumin/share/ament_index/resource_index/package_run_dependencies/megumin
-- Up-to-date symlink: /home/megumin/dev_ws/install/megumin/share/ament_index/resource_index/parent_prefix_path/megumin
-- Up-to-date symlink: /home/megumin/dev_ws/install/megumin/share/megumin/environment/ament_prefix_path.sh
-- Up-to-date symlink: /home/megumin/dev_ws/install/megumin/share/megumin/environment/ament_prefix_path.dsv
-- Up-to-date symlink: /home/megumin/dev_ws/install/megumin/share/megumin/environment/path.sh
-- Up-to-date symlink: /home/megumin/dev_ws/install/megumin/share/megumin/environment/path.dsv
-- Up-to-date symlink: /home/megumin/dev_ws/install/megumin/share/megumin/local_setup.bash
-- Up-to-date symlink: /home/megumin/dev_ws/install/megumin/share/megumin/local_setup.sh
-- Up-to-date symlink: /home/megumin/dev_ws/install/megumin/share/megumin/local_setup.zsh
-- Up-to-date symlink: /home/megumin/dev_ws/install/megumin/share/megumin/local_setup.dsv
-- Symlinking: /home/megumin/dev_ws/install/megumin/share/megumin/package.dsv
-- Up-to-date symlink: /home/megumin/dev_ws/install/megumin/share/ament_index/resource_index/packages/megumin
-- Up-to-date symlink: /home/megumin/dev_ws/install/megumin/share/megumin/cmake/meguminConfig.cmake
-- Up-to-date symlink: /home/megumin/dev_ws/install/megumin/share/megumin/cmake/meguminConfig-version.cmake
-- Up-to-date symlink: /home/megumin/dev_ws/install/megumin/share/megumin/package.xml
