[0.076s] DEBUG:colcon:Command line arguments: ['/usr/bin/colcon', 'build']
[0.076s] DEBUG:colcon:Parsed command line arguments: Namespace(log_base=None, log_level=None, verb_name='build', build_base='build', install_base='install', merge_install=False, symlink_install=False, test_result_base=None, continue_on_error=False, executor='parallel', parallel_workers=12, event_handlers=None, ignore_user_meta=False, metas=['./colcon.meta'], base_paths=['.'], packages_ignore=None, packages_ignore_regex=None, paths=None, packages_up_to=None, packages_up_to_regex=None, packages_above=None, packages_above_and_dependencies=None, packages_above_depth=None, packages_select_by_dep=None, packages_skip_by_dep=None, packages_skip_up_to=None, packages_select_build_failed=False, packages_skip_build_finished=False, packages_select_test_failures=False, packages_skip_test_passed=False, packages_select=None, packages_skip=None, packages_select_regex=None, packages_skip_regex=None, packages_start=None, packages_end=None, allow_overriding=[], cmake_args=None, cmake_target=None, cmake_target_skip_unavailable=False, cmake_clean_cache=False, cmake_clean_first=False, cmake_force_configure=False, ament_cmake_args=None, catkin_cmake_args=None, catkin_skip_building_tests=False, mixin_files=None, mixin=None, verb_parser=<colcon_mixin.mixin.mixin_argument.MixinArgumentDecorator object at 0x7f8188641090>, verb_extension=<colcon_core.verb.build.BuildVerb object at 0x7f8188640b50>, main=<bound method BuildVerb.main of <colcon_core.verb.build.BuildVerb object at 0x7f8188640b50>>, mixin_verb=('build',))
[0.179s] Level 1:colcon.colcon_core.package_discovery:discover_packages(colcon_meta) check parameters
[0.179s] Level 1:colcon.colcon_core.package_discovery:discover_packages(recursive) check parameters
[0.179s] Level 1:colcon.colcon_core.package_discovery:discover_packages(ignore) check parameters
[0.179s] Level 1:colcon.colcon_core.package_discovery:discover_packages(path) check parameters
[0.179s] Level 1:colcon.colcon_core.package_discovery:discover_packages(colcon_meta) discover
[0.179s] Level 1:colcon.colcon_core.package_discovery:discover_packages(recursive) discover
[0.179s] INFO:colcon.colcon_core.package_discovery:Crawling recursively for packages in '/home/megumin/dev_ws'
[0.179s] Level 1:colcon.colcon_core.package_identification:_identify(.) by extensions ['ignore', 'ignore_ament_install']
[0.180s] Level 1:colcon.colcon_core.package_identification:_identify(.) by extension 'ignore'
[0.180s] Level 1:colcon.colcon_core.package_identification:_identify(.) by extension 'ignore_ament_install'
[0.180s] Level 1:colcon.colcon_core.package_identification:_identify(.) by extensions ['colcon_pkg']
[0.180s] Level 1:colcon.colcon_core.package_identification:_identify(.) by extension 'colcon_pkg'
[0.180s] Level 1:colcon.colcon_core.package_identification:_identify(.) by extensions ['colcon_meta']
[0.180s] Level 1:colcon.colcon_core.package_identification:_identify(.) by extension 'colcon_meta'
[0.180s] Level 1:colcon.colcon_core.package_identification:_identify(.) by extensions ['ros']
[0.180s] Level 1:colcon.colcon_core.package_identification:_identify(.) by extension 'ros'
[0.188s] Level 1:colcon.colcon_core.package_identification:_identify(.) by extensions ['cmake', 'python']
[0.188s] Level 1:colcon.colcon_core.package_identification:_identify(.) by extension 'cmake'
[0.188s] Level 1:colcon.colcon_core.package_identification:_identify(.) by extension 'python'
[0.188s] Level 1:colcon.colcon_core.package_identification:_identify(.) by extensions ['python_setup_py']
[0.188s] Level 1:colcon.colcon_core.package_identification:_identify(.) by extension 'python_setup_py'
[0.188s] Level 1:colcon.colcon_core.package_identification:_identify(build) by extensions ['ignore', 'ignore_ament_install']
[0.188s] Level 1:colcon.colcon_core.package_identification:_identify(build) by extension 'ignore'
[0.188s] Level 1:colcon.colcon_core.package_identification:_identify(build) ignored
[0.188s] Level 1:colcon.colcon_core.package_identification:_identify(install) by extensions ['ignore', 'ignore_ament_install']
[0.188s] Level 1:colcon.colcon_core.package_identification:_identify(install) by extension 'ignore'
[0.189s] Level 1:colcon.colcon_core.package_identification:_identify(install) ignored
[0.189s] Level 1:colcon.colcon_core.package_identification:_identify(log) by extensions ['ignore', 'ignore_ament_install']
[0.189s] Level 1:colcon.colcon_core.package_identification:_identify(log) by extension 'ignore'
[0.189s] Level 1:colcon.colcon_core.package_identification:_identify(log) ignored
[0.189s] Level 1:colcon.colcon_core.package_identification:_identify(src) by extensions ['ignore', 'ignore_ament_install']
[0.189s] Level 1:colcon.colcon_core.package_identification:_identify(src) by extension 'ignore'
[0.189s] Level 1:colcon.colcon_core.package_identification:_identify(src) by extension 'ignore_ament_install'
[0.189s] Level 1:colcon.colcon_core.package_identification:_identify(src) by extensions ['colcon_pkg']
[0.189s] Level 1:colcon.colcon_core.package_identification:_identify(src) by extension 'colcon_pkg'
[0.189s] Level 1:colcon.colcon_core.package_identification:_identify(src) by extensions ['colcon_meta']
[0.189s] Level 1:colcon.colcon_core.package_identification:_identify(src) by extension 'colcon_meta'
[0.189s] Level 1:colcon.colcon_core.package_identification:_identify(src) by extensions ['ros']
[0.189s] Level 1:colcon.colcon_core.package_identification:_identify(src) by extension 'ros'
[0.189s] Level 1:colcon.colcon_core.package_identification:_identify(src) by extensions ['cmake', 'python']
[0.189s] Level 1:colcon.colcon_core.package_identification:_identify(src) by extension 'cmake'
[0.189s] Level 1:colcon.colcon_core.package_identification:_identify(src) by extension 'python'
[0.189s] Level 1:colcon.colcon_core.package_identification:_identify(src) by extensions ['python_setup_py']
[0.189s] Level 1:colcon.colcon_core.package_identification:_identify(src) by extension 'python_setup_py'
[0.189s] Level 1:colcon.colcon_core.package_identification:_identify(src/megumin) by extensions ['ignore', 'ignore_ament_install']
[0.189s] Level 1:colcon.colcon_core.package_identification:_identify(src/megumin) by extension 'ignore'
[0.190s] Level 1:colcon.colcon_core.package_identification:_identify(src/megumin) by extension 'ignore_ament_install'
[0.190s] Level 1:colcon.colcon_core.package_identification:_identify(src/megumin) by extensions ['colcon_pkg']
[0.190s] Level 1:colcon.colcon_core.package_identification:_identify(src/megumin) by extension 'colcon_pkg'
[0.190s] Level 1:colcon.colcon_core.package_identification:_identify(src/megumin) by extensions ['colcon_meta']
[0.190s] Level 1:colcon.colcon_core.package_identification:_identify(src/megumin) by extension 'colcon_meta'
[0.190s] Level 1:colcon.colcon_core.package_identification:_identify(src/megumin) by extensions ['ros']
[0.190s] Level 1:colcon.colcon_core.package_identification:_identify(src/megumin) by extension 'ros'
[0.192s] DEBUG:colcon.colcon_core.package_identification:Package 'src/megumin' with type 'ros.ament_cmake' and name 'megumin'
[0.192s] Level 1:colcon.colcon_core.package_discovery:discover_packages(recursive) using defaults
[0.192s] Level 1:colcon.colcon_core.package_discovery:discover_packages(ignore) discover
[0.192s] Level 1:colcon.colcon_core.package_discovery:discover_packages(ignore) using defaults
[0.192s] Level 1:colcon.colcon_core.package_discovery:discover_packages(path) discover
[0.192s] Level 1:colcon.colcon_core.package_discovery:discover_packages(path) using defaults
[0.207s] Level 1:colcon.colcon_core.package_discovery:discover_packages(prefix_path) check parameters
[0.207s] Level 1:colcon.colcon_core.package_discovery:discover_packages(prefix_path) discover
[0.208s] Level 1:colcon.colcon_core.package_discovery:discover_packages(prefix_path) using defaults
[0.209s] Level 5:colcon.colcon_core.verb:set package 'megumin' build argument 'cmake_args' from command line to 'None'
[0.209s] Level 5:colcon.colcon_core.verb:set package 'megumin' build argument 'cmake_target' from command line to 'None'
[0.209s] Level 5:colcon.colcon_core.verb:set package 'megumin' build argument 'cmake_target_skip_unavailable' from command line to 'False'
[0.209s] Level 5:colcon.colcon_core.verb:set package 'megumin' build argument 'cmake_clean_cache' from command line to 'False'
[0.209s] Level 5:colcon.colcon_core.verb:set package 'megumin' build argument 'cmake_clean_first' from command line to 'False'
[0.209s] Level 5:colcon.colcon_core.verb:set package 'megumin' build argument 'cmake_force_configure' from command line to 'False'
[0.209s] Level 5:colcon.colcon_core.verb:set package 'megumin' build argument 'ament_cmake_args' from command line to 'None'
[0.209s] Level 5:colcon.colcon_core.verb:set package 'megumin' build argument 'catkin_cmake_args' from command line to 'None'
[0.209s] Level 5:colcon.colcon_core.verb:set package 'megumin' build argument 'catkin_skip_building_tests' from command line to 'False'
[0.209s] DEBUG:colcon.colcon_core.verb:Building package 'megumin' with the following arguments: {'ament_cmake_args': None, 'build_base': '/home/megumin/dev_ws/build/megumin', 'catkin_cmake_args': None, 'catkin_skip_building_tests': False, 'cmake_args': None, 'cmake_clean_cache': False, 'cmake_clean_first': False, 'cmake_force_configure': False, 'cmake_target': None, 'cmake_target_skip_unavailable': False, 'install_base': '/home/megumin/dev_ws/install/megumin', 'merge_install': False, 'path': '/home/megumin/dev_ws/src/megumin', 'symlink_install': False, 'test_result_base': None}
[0.209s] INFO:colcon.colcon_core.executor:Executing jobs using 'parallel' executor
[0.210s] DEBUG:colcon.colcon_parallel_executor.executor.parallel:run_until_complete
[0.210s] INFO:colcon.colcon_ros.task.ament_cmake.build:Building ROS package in '/home/megumin/dev_ws/src/megumin' with build type 'ament_cmake'
[0.210s] INFO:colcon.colcon_cmake.task.cmake.build:Building CMake package in '/home/megumin/dev_ws/src/megumin'
[0.211s] INFO:colcon.colcon_core.plugin_system:Skipping extension 'colcon_core.shell.bat': Not used on non-Windows systems
[0.212s] INFO:colcon.colcon_core.shell:Skip shell extension 'powershell' for command environment: Not usable outside of PowerShell
[0.212s] DEBUG:colcon.colcon_core.shell:Skip shell extension 'dsv' for command environment
[0.216s] DEBUG:colcon.colcon_core.event_handler.log_command:Invoking command in '/home/megumin/dev_ws/build/megumin': /usr/bin/cmake --build /home/megumin/dev_ws/build/megumin -- -j12 -l12
[0.240s] DEBUG:colcon.colcon_core.event_handler.log_command:Invoked command in '/home/megumin/dev_ws/build/megumin' returned '0': /usr/bin/cmake --build /home/megumin/dev_ws/build/megumin -- -j12 -l12
[0.247s] DEBUG:colcon.colcon_core.event_handler.log_command:Invoking command in '/home/megumin/dev_ws/build/megumin': /usr/bin/cmake --install /home/megumin/dev_ws/build/megumin
[0.261s] Level 1:colcon.colcon_core.environment:create_environment_scripts_only(megumin)
[0.262s] DEBUG:colcon.colcon_core.event_handler.log_command:Invoked command in '/home/megumin/dev_ws/build/megumin' returned '0': /usr/bin/cmake --install /home/megumin/dev_ws/build/megumin
[0.263s] Level 1:colcon.colcon_core.environment:checking '/home/megumin/dev_ws/install/megumin' for CMake module files
[0.264s] Level 1:colcon.colcon_core.environment:checking '/home/megumin/dev_ws/install/megumin' for CMake config files
[0.264s] Level 1:colcon.colcon_core.shell:create_environment_hook('megumin', 'cmake_prefix_path')
[0.264s] INFO:colcon.colcon_core.shell:Creating environment hook '/home/megumin/dev_ws/install/megumin/share/megumin/hook/cmake_prefix_path.ps1'
[0.265s] INFO:colcon.colcon_core.shell:Creating environment descriptor '/home/megumin/dev_ws/install/megumin/share/megumin/hook/cmake_prefix_path.dsv'
[0.265s] INFO:colcon.colcon_core.shell:Creating environment hook '/home/megumin/dev_ws/install/megumin/share/megumin/hook/cmake_prefix_path.sh'
[0.266s] Level 1:colcon.colcon_core.environment:checking '/home/megumin/dev_ws/install/megumin/bin'
[0.266s] Level 1:colcon.colcon_core.environment:checking '/home/megumin/dev_ws/install/megumin/lib/pkgconfig/megumin.pc'
[0.267s] Level 1:colcon.colcon_core.environment:checking '/home/megumin/dev_ws/install/megumin/lib/python3.10/site-packages'
[0.267s] Level 1:colcon.colcon_core.environment:checking '/home/megumin/dev_ws/install/megumin/bin'
[0.268s] INFO:colcon.colcon_core.shell:Creating package script '/home/megumin/dev_ws/install/megumin/share/megumin/package.ps1'
[0.268s] INFO:colcon.colcon_core.shell:Creating package descriptor '/home/megumin/dev_ws/install/megumin/share/megumin/package.dsv'
[0.269s] INFO:colcon.colcon_core.shell:Creating package script '/home/megumin/dev_ws/install/megumin/share/megumin/package.sh'
[0.269s] INFO:colcon.colcon_core.shell:Creating package script '/home/megumin/dev_ws/install/megumin/share/megumin/package.bash'
[0.270s] INFO:colcon.colcon_core.shell:Creating package script '/home/megumin/dev_ws/install/megumin/share/megumin/package.zsh'
[0.270s] Level 1:colcon.colcon_core.environment:create_file_with_runtime_dependencies(/home/megumin/dev_ws/install/megumin/share/colcon-core/packages/megumin)
[0.271s] Level 1:colcon.colcon_core.environment:create_environment_scripts_only(megumin)
[0.271s] Level 1:colcon.colcon_core.environment:checking '/home/megumin/dev_ws/install/megumin' for CMake module files
[0.271s] Level 1:colcon.colcon_core.environment:checking '/home/megumin/dev_ws/install/megumin' for CMake config files
[0.272s] Level 1:colcon.colcon_core.shell:create_environment_hook('megumin', 'cmake_prefix_path')
[0.272s] INFO:colcon.colcon_core.shell:Creating environment hook '/home/megumin/dev_ws/install/megumin/share/megumin/hook/cmake_prefix_path.ps1'
[0.272s] INFO:colcon.colcon_core.shell:Creating environment descriptor '/home/megumin/dev_ws/install/megumin/share/megumin/hook/cmake_prefix_path.dsv'
[0.272s] INFO:colcon.colcon_core.shell:Creating environment hook '/home/megumin/dev_ws/install/megumin/share/megumin/hook/cmake_prefix_path.sh'
[0.273s] Level 1:colcon.colcon_core.environment:checking '/home/megumin/dev_ws/install/megumin/bin'
[0.273s] Level 1:colcon.colcon_core.environment:checking '/home/megumin/dev_ws/install/megumin/lib/pkgconfig/megumin.pc'
[0.273s] Level 1:colcon.colcon_core.environment:checking '/home/megumin/dev_ws/install/megumin/lib/python3.10/site-packages'
[0.273s] Level 1:colcon.colcon_core.environment:checking '/home/megumin/dev_ws/install/megumin/bin'
[0.273s] INFO:colcon.colcon_core.shell:Creating package script '/home/megumin/dev_ws/install/megumin/share/megumin/package.ps1'
[0.274s] INFO:colcon.colcon_core.shell:Creating package descriptor '/home/megumin/dev_ws/install/megumin/share/megumin/package.dsv'
[0.274s] INFO:colcon.colcon_core.shell:Creating package script '/home/megumin/dev_ws/install/megumin/share/megumin/package.sh'
[0.275s] INFO:colcon.colcon_core.shell:Creating package script '/home/megumin/dev_ws/install/megumin/share/megumin/package.bash'
[0.275s] INFO:colcon.colcon_core.shell:Creating package script '/home/megumin/dev_ws/install/megumin/share/megumin/package.zsh'
[0.275s] Level 1:colcon.colcon_core.environment:create_file_with_runtime_dependencies(/home/megumin/dev_ws/install/megumin/share/colcon-core/packages/megumin)
[0.275s] DEBUG:colcon.colcon_parallel_executor.executor.parallel:closing loop
[0.275s] DEBUG:colcon.colcon_parallel_executor.executor.parallel:loop closed
[0.276s] DEBUG:colcon.colcon_parallel_executor.executor.parallel:run_until_complete finished with '0'
[0.276s] DEBUG:colcon.colcon_core.event_reactor:joining thread
[0.279s] INFO:colcon.colcon_core.plugin_system:Skipping extension 'colcon_notification.desktop_notification.terminal_notifier': Not used on non-Darwin systems
[0.279s] INFO:colcon.colcon_core.plugin_system:Skipping extension 'colcon_notification.desktop_notification.win32': Not used on non-Windows systems
[0.279s] INFO:colcon.colcon_notification.desktop_notification:Sending desktop notification using 'notify2'
[0.287s] DEBUG:colcon.colcon_core.event_reactor:joined thread
[0.288s] INFO:colcon.colcon_core.shell:Creating prefix script '/home/megumin/dev_ws/install/local_setup.ps1'
[0.289s] INFO:colcon.colcon_core.shell:Creating prefix util module '/home/megumin/dev_ws/install/_local_setup_util_ps1.py'
[0.290s] INFO:colcon.colcon_core.shell:Creating prefix chain script '/home/megumin/dev_ws/install/setup.ps1'
[0.290s] INFO:colcon.colcon_core.shell:Creating prefix script '/home/megumin/dev_ws/install/local_setup.sh'
[0.291s] INFO:colcon.colcon_core.shell:Creating prefix util module '/home/megumin/dev_ws/install/_local_setup_util_sh.py'
[0.291s] INFO:colcon.colcon_core.shell:Creating prefix chain script '/home/megumin/dev_ws/install/setup.sh'
[0.292s] INFO:colcon.colcon_core.shell:Creating prefix script '/home/megumin/dev_ws/install/local_setup.bash'
[0.292s] INFO:colcon.colcon_core.shell:Creating prefix chain script '/home/megumin/dev_ws/install/setup.bash'
[0.293s] INFO:colcon.colcon_core.shell:Creating prefix script '/home/megumin/dev_ws/install/local_setup.zsh'
[0.294s] INFO:colcon.colcon_core.shell:Creating prefix chain script '/home/megumin/dev_ws/install/setup.zsh'
