[0.007s] Invoking command in '/home/megumin/dev_ws/build/megumin': CMAKE_PREFIX_PATH=/opt/ros/humble /usr/bin/cmake /home/megumin/dev_ws/src/megumin -DAMENT_CMAKE_SYMLINK_INSTALL=1 -DCMAKE_INSTALL_PREFIX=/home/megumin/dev_ws/install/megumin
[0.043s] -- The C compiler identification is GNU 11.4.0
[0.082s] -- The CXX compiler identification is GNU 11.4.0
[0.087s] -- Detecting C compiler ABI info
[0.133s] -- Detecting C compiler ABI info - done
[0.139s] -- Check for working C compiler: /usr/bin/cc - skipped
[0.139s] -- Detecting C compile features
[0.140s] -- Detecting C compile features - done
[0.142s] -- Detecting CXX compiler ABI info
[0.210s] -- Detecting CXX compiler ABI info - done
[0.217s] -- Check for working CXX compiler: /usr/bin/c++ - skipped
[0.217s] -- Detecting CXX compile features
[0.217s] -- Detecting CXX compile features - done
[0.220s] -- Found ament_cmake: 1.3.11 (/opt/ros/humble/share/ament_cmake/cmake)
[0.336s] -- Found Python3: /usr/bin/python3 (found version "3.10.12") found components: Interpreter 
[0.391s] -- Override CMake install command with custom implementation using symlinks instead of copying resources
[0.415s] -- Found ament_lint_auto: 0.12.12 (/opt/ros/humble/share/ament_lint_auto/cmake)
[0.481s] -- Added test 'copyright' to check source files copyright and LICENSE
[0.485s] -- Added test 'flake8' to check Python code syntax and style conventions
[0.486s] -- Added test 'lint_cmake' to check CMake code style
[0.486s] -- Added test 'pep257' to check Python code against some of the docstring style conventions in PEP 257
[0.489s] -- Added test 'xmllint' to check XML markup files
[0.490s] -- Configuring done
[0.492s] -- Generating done
[0.493s] -- Build files have been written to: /home/megumin/dev_ws/build/megumin
[0.496s] Invoked command in '/home/megumin/dev_ws/build/megumin' returned '0': CMAKE_PREFIX_PATH=/opt/ros/humble /usr/bin/cmake /home/megumin/dev_ws/src/megumin -DAMENT_CMAKE_SYMLINK_INSTALL=1 -DCMAKE_INSTALL_PREFIX=/home/megumin/dev_ws/install/megumin
[0.497s] Invoking command in '/home/megumin/dev_ws/build/megumin': CMAKE_PREFIX_PATH=/opt/ros/humble /usr/bin/cmake --build /home/megumin/dev_ws/build/megumin -- -j12 -l12
[0.522s] Invoked command in '/home/megumin/dev_ws/build/megumin' returned '0': CMAKE_PREFIX_PATH=/opt/ros/humble /usr/bin/cmake --build /home/megumin/dev_ws/build/megumin -- -j12 -l12
[0.529s] Invoking command in '/home/megumin/dev_ws/build/megumin': CMAKE_PREFIX_PATH=/opt/ros/humble /usr/bin/cmake --install /home/megumin/dev_ws/build/megumin
[0.534s] -- Install configuration: ""
[0.534s] -- Execute custom install script
[0.534s] -- Symlinking: /home/megumin/dev_ws/install/megumin/share/megumin/config/empty.yaml
[0.540s] -- Symlinking: /home/megumin/dev_ws/install/megumin/share/megumin/description/robot.urdf.xacro
[0.546s] -- Symlinking: /home/megumin/dev_ws/install/megumin/share/megumin/launch/rsp.launch.py
[0.552s] -- Symlinking: /home/megumin/dev_ws/install/megumin/share/megumin/worlds/empty.world
[0.557s] -- Symlinking: /home/megumin/dev_ws/install/megumin/share/ament_index/resource_index/package_run_dependencies/megumin
[0.563s] -- Symlinking: /home/megumin/dev_ws/install/megumin/share/ament_index/resource_index/parent_prefix_path/megumin
[0.568s] -- Symlinking: /home/megumin/dev_ws/install/megumin/share/megumin/environment/ament_prefix_path.sh
[0.574s] -- Symlinking: /home/megumin/dev_ws/install/megumin/share/megumin/environment/ament_prefix_path.dsv
[0.579s] -- Symlinking: /home/megumin/dev_ws/install/megumin/share/megumin/environment/path.sh
[0.584s] -- Symlinking: /home/megumin/dev_ws/install/megumin/share/megumin/environment/path.dsv
[0.590s] -- Symlinking: /home/megumin/dev_ws/install/megumin/share/megumin/local_setup.bash
[0.595s] -- Symlinking: /home/megumin/dev_ws/install/megumin/share/megumin/local_setup.sh
[0.601s] -- Symlinking: /home/megumin/dev_ws/install/megumin/share/megumin/local_setup.zsh
[0.606s] -- Symlinking: /home/megumin/dev_ws/install/megumin/share/megumin/local_setup.dsv
[0.611s] -- Symlinking: /home/megumin/dev_ws/install/megumin/share/megumin/package.dsv
[0.617s] -- Symlinking: /home/megumin/dev_ws/install/megumin/share/ament_index/resource_index/packages/megumin
[0.622s] -- Symlinking: /home/megumin/dev_ws/install/megumin/share/megumin/cmake/meguminConfig.cmake
[0.628s] -- Symlinking: /home/megumin/dev_ws/install/megumin/share/megumin/cmake/meguminConfig-version.cmake
[0.633s] -- Symlinking: /home/megumin/dev_ws/install/megumin/share/megumin/package.xml
[0.640s] Invoked command in '/home/megumin/dev_ws/build/megumin' returned '0': CMAKE_PREFIX_PATH=/opt/ros/humble /usr/bin/cmake --install /home/megumin/dev_ws/build/megumin
